<?xml version="1.0" encoding="UTF-8"?>
<!-- Generated by org.testng.reporters.JUnitXMLReporter -->
<testsuite ignored="0" hostname="CHOWDARY" failures="0" tests="3" name="Default test" time="8.716" errors="0" timestamp="2023-11-02T13:22:18 IST">
  <testcase classname="com.Execution.TestPgExe" name="TableDataButton" time="0.166"/>
  <testcase classname="com.Execution.TestPgExe" name="InsertData" time="0.383"/>
  <testcase classname="com.Execution.TestPgExe" name="RefBtn" time="3.249"/>
</testsuite> <!-- Default test -->
