<?xml version="1.0" encoding="UTF-8"?>
<testng-results ignored="0" total="3" passed="3" failed="0" skipped="0">
  <reporter-output>
  </reporter-output>
  <suite started-at="2023-11-02T13:22:09 IST" name="Default suite" finished-at="2023-11-02T13:22:18 IST" duration-ms="8716">
    <groups>
    </groups>
    <test started-at="2023-11-02T13:22:09 IST" name="Default test" finished-at="2023-11-02T13:22:18 IST" duration-ms="8716">
      <class name="com.Execution.TestPgExe">
        <test-method is-config="true" signature="Login()[pri:0, instance:com.Execution.TestPgExe@69504ae9]" started-at="2023-11-02T13:22:09 IST" name="Login" finished-at="2023-11-02T13:22:14 IST" duration-ms="4458" status="PASS">
          <reporter-output>
          </reporter-output>
        </test-method> <!-- Login -->
        <test-method signature="TableDataButton()[pri:1, instance:com.Execution.TestPgExe@69504ae9]" started-at="2023-11-02T13:22:14 IST" name="TableDataButton" finished-at="2023-11-02T13:22:14 IST" duration-ms="166" status="PASS">
          <reporter-output>
          </reporter-output>
        </test-method> <!-- TableDataButton -->
        <test-method is-config="true" signature="getResult(org.testng.ITestResult)[pri:0, instance:com.Execution.TestPgExe@69504ae9]" started-at="2023-11-02T13:22:14 IST" name="getResult" finished-at="2023-11-02T13:22:14 IST" duration-ms="2" status="PASS">
          <params>
            <param index="0">
              <value>
                <![CDATA[[TestResult name=TableDataButton status=SUCCESS method=TestPgExe.TableDataButton()[pri:1, instance:com.Execution.TestPgExe@69504ae9] output={null}]]]>
              </value>
            </param>
          </params>
          <reporter-output>
          </reporter-output>
        </test-method> <!-- getResult -->
        <test-method signature="InsertData()[pri:2, instance:com.Execution.TestPgExe@69504ae9]" started-at="2023-11-02T13:22:14 IST" name="InsertData" finished-at="2023-11-02T13:22:14 IST" duration-ms="383" status="PASS">
          <reporter-output>
          </reporter-output>
        </test-method> <!-- InsertData -->
        <test-method is-config="true" signature="getResult(org.testng.ITestResult)[pri:0, instance:com.Execution.TestPgExe@69504ae9]" started-at="2023-11-02T13:22:14 IST" name="getResult" finished-at="2023-11-02T13:22:14 IST" duration-ms="1" status="PASS">
          <params>
            <param index="0">
              <value>
                <![CDATA[[TestResult name=InsertData status=SUCCESS method=TestPgExe.InsertData()[pri:2, instance:com.Execution.TestPgExe@69504ae9] output={null}]]]>
              </value>
            </param>
          </params>
          <reporter-output>
          </reporter-output>
        </test-method> <!-- getResult -->
        <test-method signature="RefBtn()[pri:3, instance:com.Execution.TestPgExe@69504ae9]" started-at="2023-11-02T13:22:14 IST" name="RefBtn" finished-at="2023-11-02T13:22:18 IST" duration-ms="3249" status="PASS">
          <reporter-output>
          </reporter-output>
        </test-method> <!-- RefBtn -->
        <test-method is-config="true" signature="getResult(org.testng.ITestResult)[pri:0, instance:com.Execution.TestPgExe@69504ae9]" started-at="2023-11-02T13:22:18 IST" name="getResult" finished-at="2023-11-02T13:22:18 IST" duration-ms="0" status="PASS">
          <params>
            <param index="0">
              <value>
                <![CDATA[[TestResult name=RefBtn status=SUCCESS method=TestPgExe.RefBtn()[pri:3, instance:com.Execution.TestPgExe@69504ae9] output={null}]]]>
              </value>
            </param>
          </params>
          <reporter-output>
          </reporter-output>
        </test-method> <!-- getResult -->
        <test-method is-config="true" signature="endReport()[pri:0, instance:com.Execution.TestPgExe@69504ae9]" started-at="2023-11-02T13:22:18 IST" name="endReport" finished-at="2023-11-02T13:22:18 IST" duration-ms="401" status="PASS">
          <reporter-output>
          </reporter-output>
        </test-method> <!-- endReport -->
      </class> <!-- com.Execution.TestPgExe -->
    </test> <!-- Default test -->
  </suite> <!-- Default suite -->
</testng-results>
